<?xml version="1.0" encoding="UTF-8"?>
<!-- Generated by org.testng.reporters.JUnitXMLReporter -->
<testsuite hostname="OCAUTO403" ignored="0" name="Test" tests="1" failures="1" timestamp="26 Jul 2019 10:18:45 GMT" time="11.07" errors="0">
  <testcase name="loginTest" time="3.091" classname="com.SDETSessions.testCases.TC_LoginTest_01">
    <failure type="java.lang.AssertionError" message="expected [true] but found [false]">
      <![CDATA[java.lang.AssertionError: expected [true] but found [false]
at com.SDETSessions.testCases.TC_LoginTest_01.loginTest(TC_LoginTest_01.java:31)
... Removed 29 stack frames]]>
    </failure>
  </testcase> <!-- loginTest -->
</testsuite> <!-- Test -->
